<?xml version="1.0" encoding="UTF-8"?>
<testsuite name="com.imagepicker.testing.ImagePickerModuleTest" tests="1" skipped="0" failures="0" errors="0" timestamp="2021-02-24T17:15:15" hostname="192.168.68.167" time="8.834">
  <properties/>
  <testcase name="testCancelTakingPhoto" classname="com.imagepicker.testing.ImagePickerModuleTest" time="8.834"/>
  <system-out><![CDATA[1
{didCancel=true}
class com.facebook.react.bridge.JavaOnlyMap
]]></system-out>
  <system-err><![CDATA[]]></system-err>
</testsuite>
